[2022-03-06 21:52:55,457: WARNING/MainProcess] /usr/local/lib/python3.9/site-packages/celery/app/utils.py:204: CDeprecationWarning: 
    The 'CELERY_RESULT_BACKEND' setting is deprecated and scheduled for removal in
    version 6.0.0. Use the result_backend instead

  deprecated.warn(description=f'The {setting!r} setting',

[2022-03-06 21:52:55,459: WARNING/MainProcess] Please run `celery upgrade settings path/to/settings.py` to avoid these warnings and to allow a smoother upgrade to Celery 6.0.
[2022-03-06 21:52:55,677: INFO/MainProcess] Connected to redis://redis:6379/0
[2022-03-06 21:52:55,682: INFO/MainProcess] mingle: searching for neighbors
[2022-03-06 21:52:56,695: INFO/MainProcess] mingle: all alone
[2022-03-06 21:52:56,714: INFO/MainProcess] celery@2b07d9aa35c6 ready.
[2022-03-06 21:52:57,046: INFO/MainProcess] Events of group {task} enabled by remote.
[2022-03-06 21:54:01,766: INFO/MainProcess] Task project.users.tasks.task_test_logger[aba6bb59-f624-45df-b311-a955acb374b7] received
[2022-03-06 21:54:01,773: INFO/ForkPoolWorker-1] Task project.users.tasks.task_test_logger[aba6bb59-f624-45df-b311-a955acb374b7] succeeded in 0.0045637999992322875s: None
[2022-03-07 08:27:12,773: INFO/MainProcess] beat: Starting...
[2022-03-07 08:27:13,880: WARNING/MainProcess] /usr/local/lib/python3.9/site-packages/celery/app/utils.py:204: CDeprecationWarning: 
    The 'CELERY_RESULT_BACKEND' setting is deprecated and scheduled for removal in
    version 6.0.0. Use the result_backend instead

  deprecated.warn(description=f'The {setting!r} setting',

[2022-03-07 08:27:13,881: WARNING/MainProcess] Please run `celery upgrade settings path/to/settings.py` to avoid these warnings and to allow a smoother upgrade to Celery 6.0.
[2022-03-07 08:27:14,086: INFO/MainProcess] Connected to redis://redis:6379/0
[2022-03-07 08:27:14,090: INFO/MainProcess] mingle: searching for neighbors
[2022-03-07 08:27:15,097: INFO/MainProcess] mingle: all alone
[2022-03-07 08:27:15,107: INFO/MainProcess] celery@7a154ead2285 ready.
[2022-03-07 08:27:23,704: INFO/MainProcess] Events of group {task} enabled by remote.
[2022-03-07 08:33:08,626: WARNING/MainProcess] /usr/local/lib/python3.9/site-packages/celery/app/utils.py:204: CDeprecationWarning: 
    The 'CELERY_RESULT_BACKEND' setting is deprecated and scheduled for removal in
    version 6.0.0. Use the result_backend instead

  deprecated.warn(description=f'The {setting!r} setting',

[2022-03-07 08:33:08,628: WARNING/MainProcess] Please run `celery upgrade settings path/to/settings.py` to avoid these warnings and to allow a smoother upgrade to Celery 6.0.
[2022-03-07 08:33:08,813: INFO/MainProcess] Connected to redis://redis:6379/0
[2022-03-07 08:33:08,816: INFO/MainProcess] mingle: searching for neighbors
[2022-03-07 08:33:09,828: INFO/MainProcess] mingle: all alone
[2022-03-07 08:33:09,852: INFO/MainProcess] celery@7a154ead2285 ready.
[2022-03-07 08:33:13,702: INFO/MainProcess] Events of group {task} enabled by remote.
[2022-03-07 08:33:22,722: WARNING/MainProcess] /usr/local/lib/python3.9/site-packages/celery/app/utils.py:204: CDeprecationWarning: 
    The 'CELERY_RESULT_BACKEND' setting is deprecated and scheduled for removal in
    version 6.0.0. Use the result_backend instead

  deprecated.warn(description=f'The {setting!r} setting',

[2022-03-07 08:33:22,723: WARNING/MainProcess] Please run `celery upgrade settings path/to/settings.py` to avoid these warnings and to allow a smoother upgrade to Celery 6.0.
[2022-03-07 08:33:22,922: INFO/MainProcess] Connected to redis://redis:6379/0
[2022-03-07 08:33:22,925: INFO/MainProcess] mingle: searching for neighbors
[2022-03-07 08:33:23,935: INFO/MainProcess] mingle: all alone
[2022-03-07 08:33:23,952: INFO/MainProcess] celery@7a154ead2285 ready.
[2022-03-07 08:33:28,680: INFO/MainProcess] Events of group {task} enabled by remote.
[2022-03-07 08:49:05,080: WARNING/MainProcess] /usr/local/lib/python3.9/site-packages/celery/app/utils.py:204: CDeprecationWarning: 
    The 'CELERY_RESULT_BACKEND' setting is deprecated and scheduled for removal in
    version 6.0.0. Use the result_backend instead

  deprecated.warn(description=f'The {setting!r} setting',

[2022-03-07 08:49:05,081: WARNING/MainProcess] Please run `celery upgrade settings path/to/settings.py` to avoid these warnings and to allow a smoother upgrade to Celery 6.0.
[2022-03-07 08:49:05,305: INFO/MainProcess] Connected to redis://redis:6379/0
[2022-03-07 08:49:05,310: INFO/MainProcess] mingle: searching for neighbors
[2022-03-07 08:49:06,322: INFO/MainProcess] mingle: all alone
[2022-03-07 08:49:06,334: INFO/MainProcess] celery@7a154ead2285 ready.
[2022-03-07 08:49:08,703: INFO/MainProcess] Events of group {task} enabled by remote.
[2022-03-07 08:49:13,586: WARNING/MainProcess] /usr/local/lib/python3.9/site-packages/celery/app/utils.py:204: CDeprecationWarning: 
    The 'CELERY_RESULT_BACKEND' setting is deprecated and scheduled for removal in
    version 6.0.0. Use the result_backend instead

  deprecated.warn(description=f'The {setting!r} setting',

[2022-03-07 08:49:13,587: WARNING/MainProcess] Please run `celery upgrade settings path/to/settings.py` to avoid these warnings and to allow a smoother upgrade to Celery 6.0.
[2022-03-07 08:49:13,810: INFO/MainProcess] Connected to redis://redis:6379/0
[2022-03-07 08:49:13,815: INFO/MainProcess] mingle: searching for neighbors
[2022-03-07 08:49:14,827: INFO/MainProcess] mingle: all alone
[2022-03-07 08:49:14,843: INFO/MainProcess] celery@7a154ead2285 ready.
[2022-03-07 08:49:18,701: INFO/MainProcess] Events of group {task} enabled by remote.
[2022-03-07 08:52:57,755: INFO/MainProcess] beat: Starting...
[2022-03-07 08:52:58,890: WARNING/MainProcess] /usr/local/lib/python3.9/site-packages/celery/app/utils.py:204: CDeprecationWarning: 
    The 'CELERY_RESULT_BACKEND' setting is deprecated and scheduled for removal in
    version 6.0.0. Use the result_backend instead

  deprecated.warn(description=f'The {setting!r} setting',

[2022-03-07 08:52:58,891: WARNING/MainProcess] Please run `celery upgrade settings path/to/settings.py` to avoid these warnings and to allow a smoother upgrade to Celery 6.0.
[2022-03-07 08:52:59,124: INFO/MainProcess] Connected to redis://redis:6379/0
[2022-03-07 08:52:59,127: INFO/MainProcess] mingle: searching for neighbors
[2022-03-07 08:53:00,136: INFO/MainProcess] mingle: all alone
[2022-03-07 08:53:00,155: INFO/MainProcess] celery@300fab5840f3 ready.
[2022-03-07 08:53:08,719: INFO/MainProcess] Events of group {task} enabled by remote.
[2022-03-07 08:56:27,809: INFO/MainProcess] beat: Starting...
[2022-03-07 08:56:29,267: WARNING/MainProcess] /usr/local/lib/python3.9/site-packages/celery/app/utils.py:204: CDeprecationWarning: 
    The 'CELERY_RESULT_BACKEND' setting is deprecated and scheduled for removal in
    version 6.0.0. Use the result_backend instead

  deprecated.warn(description=f'The {setting!r} setting',

[2022-03-07 08:56:29,268: WARNING/MainProcess] Please run `celery upgrade settings path/to/settings.py` to avoid these warnings and to allow a smoother upgrade to Celery 6.0.
[2022-03-07 08:56:29,543: INFO/MainProcess] Connected to redis://redis:6379/0
[2022-03-07 08:56:29,548: INFO/MainProcess] mingle: searching for neighbors
[2022-03-07 08:56:30,560: INFO/MainProcess] mingle: all alone
[2022-03-07 08:56:30,587: INFO/MainProcess] celery@9dc682ddee6b ready.
[2022-03-07 08:56:39,548: INFO/MainProcess] Events of group {task} enabled by remote.
[2022-03-07 08:59:21,676: INFO/MainProcess] beat: Starting...
[2022-03-07 08:59:22,768: WARNING/MainProcess] /usr/local/lib/python3.9/site-packages/celery/app/utils.py:204: CDeprecationWarning: 
    The 'CELERY_RESULT_BACKEND' setting is deprecated and scheduled for removal in
    version 6.0.0. Use the result_backend instead

  deprecated.warn(description=f'The {setting!r} setting',

[2022-03-07 08:59:22,769: WARNING/MainProcess] Please run `celery upgrade settings path/to/settings.py` to avoid these warnings and to allow a smoother upgrade to Celery 6.0.
[2022-03-07 08:59:22,999: INFO/MainProcess] Connected to redis://redis:6379/0
[2022-03-07 08:59:23,003: INFO/MainProcess] mingle: searching for neighbors
[2022-03-07 08:59:24,015: INFO/MainProcess] mingle: all alone
[2022-03-07 08:59:24,030: INFO/MainProcess] celery@939d83f6fd1f ready.
[2022-03-07 08:59:32,995: INFO/MainProcess] Events of group {task} enabled by remote.
